<?xml version="1.0" encoding="UTF-8"?>
<testng-results ignored="0" total="3" passed="2" failed="1" skipped="0">
  <reporter-output>
  </reporter-output>
  <suite started-at="2023-01-28T12:38:35 IST" name="Suite" finished-at="2023-01-28T12:40:25 IST" duration-ms="110856">
    <groups>
    </groups>
    <test started-at="2023-01-28T12:38:35 IST" name="Test" finished-at="2023-01-28T12:40:25 IST" duration-ms="110856">
      <class name="Opk.test3">
        <test-method signature="Testthree()[pri:0, instance:Opk.test3@1339e7aa]" started-at="2023-01-28T12:38:35 IST" name="Testthree" finished-at="2023-01-28T12:39:39 IST" duration-ms="64515" status="PASS">
          <reporter-output>
          </reporter-output>
        </test-method> <!-- Testthree -->
      </class> <!-- Opk.test3 -->
      <class name="Opk.test2">
        <test-method signature="testone()[pri:0, instance:Opk.test2@106cc338]" started-at="2023-01-28T12:39:39 IST" name="testone" finished-at="2023-01-28T12:39:56 IST" duration-ms="16370" status="FAIL">
          <exception class="java.lang.AssertionError">
            <full-stacktrace>
              <![CDATA[java.lang.AssertionError
at org.junit.Assert.fail(Assert.java:86)
at org.junit.Assert.assertTrue(Assert.java:41)
at org.junit.Assert.assertFalse(Assert.java:64)
at org.junit.Assert.assertFalse(Assert.java:74)
at Opk.test2.testone(test2.java:18)
at java.base/jdk.internal.reflect.NativeMethodAccessorImpl.invoke0(Native Method)
at java.base/jdk.internal.reflect.NativeMethodAccessorImpl.invoke(NativeMethodAccessorImpl.java:62)
at java.base/jdk.internal.reflect.DelegatingMethodAccessorImpl.invoke(DelegatingMethodAccessorImpl.java:43)
at java.base/java.lang.reflect.Method.invoke(Method.java:566)
at org.testng.internal.MethodInvocationHelper.invokeMethod(MethodInvocationHelper.java:133)
at org.testng.internal.TestInvoker.invokeMethod(TestInvoker.java:598)
at org.testng.internal.TestInvoker.invokeTestMethod(TestInvoker.java:173)
at org.testng.internal.MethodRunner.runInSequence(MethodRunner.java:46)
at org.testng.internal.TestInvoker$MethodInvocationAgent.invoke(TestInvoker.java:824)
at org.testng.internal.TestInvoker.invokeTestMethods(TestInvoker.java:146)
at org.testng.internal.TestMethodWorker.invokeTestMethods(TestMethodWorker.java:146)
at org.testng.internal.TestMethodWorker.run(TestMethodWorker.java:128)
at java.base/java.util.ArrayList.forEach(ArrayList.java:1541)
at org.testng.TestRunner.privateRun(TestRunner.java:794)
at org.testng.TestRunner.run(TestRunner.java:596)
at org.testng.SuiteRunner.runTest(SuiteRunner.java:377)
at org.testng.SuiteRunner.runSequentially(SuiteRunner.java:371)
at org.testng.SuiteRunner.privateRun(SuiteRunner.java:332)
at org.testng.SuiteRunner.run(SuiteRunner.java:276)
at org.testng.SuiteRunnerWorker.runSuite(SuiteRunnerWorker.java:53)
at org.testng.SuiteRunnerWorker.run(SuiteRunnerWorker.java:96)
at org.testng.TestNG.runSuitesSequentially(TestNG.java:1212)
at org.testng.TestNG.runSuitesLocally(TestNG.java:1134)
at org.testng.TestNG.runSuites(TestNG.java:1063)
at org.testng.TestNG.run(TestNG.java:1031)
at org.testng.remote.AbstractRemoteTestNG.run(AbstractRemoteTestNG.java:115)
at org.testng.remote.RemoteTestNG.initAndRun(RemoteTestNG.java:251)
at org.testng.remote.RemoteTestNG.main(RemoteTestNG.java:77)
]]>
            </full-stacktrace>
          </exception> <!-- java.lang.AssertionError -->
          <reporter-output>
          </reporter-output>
        </test-method> <!-- testone -->
        <test-method is-config="true" signature="closer()[pri:0, instance:Opk.test2@106cc338]" started-at="2023-01-28T12:39:57 IST" name="closer" finished-at="2023-01-28T12:39:58 IST" duration-ms="889" status="PASS">
          <reporter-output>
          </reporter-output>
        </test-method> <!-- closer -->
      </class> <!-- Opk.test2 -->
      <class name="Opk.orangeframework">
        <test-method is-config="true" signature="openapplication()[pri:0, instance:Opk.orangeframework@632ceb35]" started-at="2023-01-28T12:39:58 IST" name="openapplication" finished-at="2023-01-28T12:40:10 IST" duration-ms="12240" status="PASS">
          <reporter-output>
          </reporter-output>
        </test-method> <!-- openapplication -->
        <test-method signature="logintest()[pri:0, instance:Opk.orangeframework@632ceb35]" started-at="2023-01-28T12:40:10 IST" name="logintest" finished-at="2023-01-28T12:40:25 IST" duration-ms="14144" status="PASS">
          <reporter-output>
          </reporter-output>
        </test-method> <!-- logintest -->
        <test-method is-config="true" signature="closer()[pri:0, instance:Opk.orangeframework@632ceb35]" started-at="2023-01-28T12:40:25 IST" name="closer" finished-at="2023-01-28T12:40:25 IST" duration-ms="929" status="PASS">
          <reporter-output>
          </reporter-output>
        </test-method> <!-- closer -->
      </class> <!-- Opk.orangeframework -->
    </test> <!-- Test -->
  </suite> <!-- Suite -->
</testng-results>
